<?xml version="1.0" encoding="UTF-8"?>
<testsuite name="PlayGameTest" tests="2" skipped="0" failures="0" errors="0" timestamp="2015-11-25T11:58:05" hostname="Miss-Lu-MBP.lan" time="0.197">
  <properties/>
  <testcase name="test_play_game_when_fail" classname="PlayGameTest" time="0.18"/>
  <testcase name="test_play_game_when_success" classname="PlayGameTest" time="0.005"/>
  <system-out><![CDATA[]]></system-out>
  <system-err><![CDATA[]]></system-err>
</testsuite>
